<?xml version="1.0" encoding="UTF-8"?>
<testsuite name="problem1.UserTest" tests="10" skipped="0" failures="0" errors="0" timestamp="2023-01-21T06:24:59" hostname="Taeyoons-MacBook-Pro.local" time="0.006">
  <properties/>
  <testcase name="getPhoneNumber()" classname="problem1.UserTest" time="0.001"/>
  <testcase name="setCredentialPair()" classname="problem1.UserTest" time="0.0"/>
  <testcase name="getFirstName()" classname="problem1.UserTest" time="0.0"/>
  <testcase name="setLastName()" classname="problem1.UserTest" time="0.001"/>
  <testcase name="getEmailAddress()" classname="problem1.UserTest" time="0.0"/>
  <testcase name="getLastName()" classname="problem1.UserTest" time="0.0"/>
  <testcase name="setPhoneNumber()" classname="problem1.UserTest" time="0.0"/>
  <testcase name="getCredentialPair()" classname="problem1.UserTest" time="0.0"/>
  <testcase name="setEmailAddress()" classname="problem1.UserTest" time="0.0"/>
  <testcase name="setFirstName()" classname="problem1.UserTest" time="0.0"/>
  <system-out><![CDATA[]]></system-out>
  <system-err><![CDATA[]]></system-err>
</testsuite>
