<?xml version="1.0" encoding="UTF-8"?>
<testsuite name="problem2.DeliveryTest" tests="5" skipped="0" failures="0" errors="0" timestamp="2023-01-21T06:24:59" hostname="Taeyoons-MacBook-Pro.local" time="0.003">
  <properties/>
  <testcase name="setEndLocation()" classname="problem2.DeliveryTest" time="0.0"/>
  <testcase name="setStartingLocation()" classname="problem2.DeliveryTest" time="0.0"/>
  <testcase name="getEndLocation()" classname="problem2.DeliveryTest" time="0.0"/>
  <testcase name="getDuration()" classname="problem2.DeliveryTest" time="0.0"/>
  <testcase name="getStartingLocation()" classname="problem2.DeliveryTest" time="0.0"/>
  <system-out><![CDATA[]]></system-out>
  <system-err><![CDATA[]]></system-err>
</testsuite>
