<?xml version="1.0" encoding="UTF-8"?>
<testsuite name="problem1.CredentialsTest" tests="4" skipped="0" failures="0" errors="0" timestamp="2023-01-21T06:24:59" hostname="Taeyoons-MacBook-Pro.local" time="0.017">
  <properties/>
  <testcase name="getPasswordHash()" classname="problem1.CredentialsTest" time="0.012"/>
  <testcase name="setPasswordHash()" classname="problem1.CredentialsTest" time="0.003"/>
  <testcase name="setUsername()" classname="problem1.CredentialsTest" time="0.001"/>
  <testcase name="getUsername()" classname="problem1.CredentialsTest" time="0.0"/>
  <system-out><![CDATA[]]></system-out>
  <system-err><![CDATA[]]></system-err>
</testsuite>
