<?xml version="1.0" encoding="UTF-8"?>
<testsuite name="problem3.IdentifierTest" tests="3" skipped="0" failures="0" errors="0" timestamp="2023-01-21T06:24:59" hostname="Taeyoons-MacBook-Pro.local" time="0.001">
  <properties/>
  <testcase name="getYearCreated()" classname="problem3.IdentifierTest" time="0.0"/>
  <testcase name="getUsername()" classname="problem3.IdentifierTest" time="0.0"/>
  <testcase name="getCountry()" classname="problem3.IdentifierTest" time="0.0"/>
  <system-out><![CDATA[]]></system-out>
  <system-err><![CDATA[]]></system-err>
</testsuite>
