<?xml version="1.0" encoding="UTF-8"?>
<testsuite name="problem2.TimeTest" tests="6" skipped="0" failures="0" errors="0" timestamp="2023-01-21T06:24:59" hostname="Taeyoons-MacBook-Pro.local" time="0.002">
  <properties/>
  <testcase name="getSeconds()" classname="problem2.TimeTest" time="0.0"/>
  <testcase name="getHour()" classname="problem2.TimeTest" time="0.0"/>
  <testcase name="setMinute()" classname="problem2.TimeTest" time="0.0"/>
  <testcase name="getMinute()" classname="problem2.TimeTest" time="0.0"/>
  <testcase name="setSeconds()" classname="problem2.TimeTest" time="0.0"/>
  <testcase name="setHour()" classname="problem2.TimeTest" time="0.0"/>
  <system-out><![CDATA[]]></system-out>
  <system-err><![CDATA[]]></system-err>
</testsuite>
