<?xml version="1.0" encoding="UTF-8"?>
<testsuite name="problem3.AmountTest" tests="2" skipped="0" failures="0" errors="0" timestamp="2023-01-21T06:24:59" hostname="Taeyoons-MacBook-Pro.local" time="0.0">
  <properties/>
  <testcase name="getCent()" classname="problem3.AmountTest" time="0.0"/>
  <testcase name="getDollar()" classname="problem3.AmountTest" time="0.0"/>
  <system-out><![CDATA[]]></system-out>
  <system-err><![CDATA[]]></system-err>
</testsuite>
